{"/home/naguihw/myProjects/tests/anagram/index.ts": {"path":"/home/naguihw/myProjects/tests/anagram/index.ts","statementMap":{"0":{"start":{"line":1,"column":23},"end":{"line":19,"column":1}},"1":{"start":{"line":2,"column":23},"end":{"line":2,"column":25}},"2":{"start":{"line":3,"column":16},"end":{"line":3,"column":18}},"3":{"start":{"line":4,"column":1},"end":{"line":17,"column":null}},"4":{"start":{"line":4,"column":14},"end":{"line":4,"column":15}},"5":{"start":{"line":5,"column":15},"end":{"line":5,"column":92}},"6":{"start":{"line":5,"column":49},"end":{"line":5,"column":75}},"7":{"start":{"line":6,"column":2},"end":{"line":6,"column":null}},"8":{"start":{"line":7,"column":2},"end":{"line":14,"column":null}},"9":{"start":{"line":7,"column":15},"end":{"line":7,"column":20}},"10":{"start":{"line":8,"column":20},"end":{"line":8,"column":97}},"11":{"start":{"line":8,"column":54},"end":{"line":8,"column":80}},"12":{"start":{"line":9,"column":3},"end":{"line":13,"column":null}},"13":{"start":{"line":10,"column":4},"end":{"line":10,"column":28}},"14":{"start":{"line":11,"column":4},"end":{"line":11,"column":23}},"15":{"start":{"line":12,"column":4},"end":{"line":12,"column":8}},"16":{"start":{"line":15,"column":2},"end":{"line":15,"column":21}},"17":{"start":{"line":16,"column":2},"end":{"line":16,"column":16}},"18":{"start":{"line":18,"column":1},"end":{"line":18,"column":12}},"19":{"start":{"line":1,"column":13},"end":{"line":1,"column":23}}},"fnMap":{"0":{"name":"(anonymous_0)","decl":{"start":{"line":1,"column":23},"end":{"line":1,"column":24}},"loc":{"start":{"line":1,"column":55},"end":{"line":19,"column":1}}},"1":{"name":"(anonymous_1)","decl":{"start":{"line":5,"column":39},"end":{"line":5,"column":40}},"loc":{"start":{"line":5,"column":49},"end":{"line":5,"column":75}}},"2":{"name":"(anonymous_2)","decl":{"start":{"line":8,"column":44},"end":{"line":8,"column":45}},"loc":{"start":{"line":8,"column":54},"end":{"line":8,"column":80}}}},"branchMap":{"0":{"loc":{"start":{"line":5,"column":49},"end":{"line":5,"column":75}},"type":"cond-expr","locations":[{"start":{"line":5,"column":57},"end":{"line":5,"column":58}},{"start":{"line":5,"column":61},"end":{"line":5,"column":75}}]},"1":{"loc":{"start":{"line":5,"column":61},"end":{"line":5,"column":75}},"type":"cond-expr","locations":[{"start":{"line":5,"column":69},"end":{"line":5,"column":71}},{"start":{"line":5,"column":74},"end":{"line":5,"column":75}}]},"2":{"loc":{"start":{"line":8,"column":54},"end":{"line":8,"column":80}},"type":"cond-expr","locations":[{"start":{"line":8,"column":62},"end":{"line":8,"column":63}},{"start":{"line":8,"column":66},"end":{"line":8,"column":80}}]},"3":{"loc":{"start":{"line":8,"column":66},"end":{"line":8,"column":80}},"type":"cond-expr","locations":[{"start":{"line":8,"column":74},"end":{"line":8,"column":76}},{"start":{"line":8,"column":79},"end":{"line":8,"column":80}}]},"4":{"loc":{"start":{"line":9,"column":3},"end":{"line":13,"column":null}},"type":"if","locations":[{"start":{"line":9,"column":3},"end":{"line":13,"column":null}}]}},"s":{"0":1,"1":1,"2":1,"3":1,"4":1,"5":4,"6":48,"7":4,"8":4,"9":4,"10":13,"11":158,"12":13,"13":4,"14":4,"15":4,"16":4,"17":4,"18":1,"19":1},"f":{"0":1,"1":48,"2":158},"b":{"0":[22,26],"1":[24,2],"2":[71,87],"3":[81,6],"4":[4]}}
}
